{"contracts/SurveyFactory.sol":{"l":{"46":12,"47":12,"48":12,"63":4,"64":3,"73":3,"75":2,"76":2,"77":2,"78":2,"79":2,"80":2,"102":0},"path":"/Users/dhruvin/gbc/bcdv-1014/Dapp-II/notes/dapp-development/demo/survey-marketplace-hardhat/contracts/SurveyFactory.sol","s":{"1":12,"2":12,"3":12,"4":4,"5":3,"6":2,"7":2,"8":2,"9":2,"10":2,"11":2,"12":0},"b":{"1":[12,0],"2":[3,1],"3":[2,1]},"f":{"1":12,"2":4,"3":3,"4":0},"fnMap":{"1":{"name":"constructor","line":43,"loc":{"start":{"line":43,"column":4},"end":{"line":51,"column":4}}},"2":{"name":"notTheOwner","line":62,"loc":{"start":{"line":62,"column":4},"end":{"line":65,"column":4}}},"3":{"name":"createSurvey","line":72,"loc":{"start":{"line":72,"column":4},"end":{"line":81,"column":4}}},"4":{"name":"getAllSurveys","line":101,"loc":{"start":{"line":101,"column":4},"end":{"line":103,"column":4}}}},"statementMap":{"1":{"start":{"line":46,"column":8},"end":{"line":46,"column":53}},"2":{"start":{"line":47,"column":8},"end":{"line":47,"column":47}},"3":{"start":{"line":48,"column":8},"end":{"line":48,"column":57}},"4":{"start":{"line":63,"column":8},"end":{"line":63,"column":66}},"5":{"start":{"line":73,"column":8},"end":{"line":73,"column":82}},"6":{"start":{"line":75,"column":8},"end":{"line":75,"column":104}},"7":{"start":{"line":76,"column":8},"end":{"line":76,"column":44}},"8":{"start":{"line":77,"column":8},"end":{"line":77,"column":37}},"9":{"start":{"line":78,"column":8},"end":{"line":78,"column":36}},"10":{"start":{"line":79,"column":8},"end":{"line":79,"column":90}},"11":{"start":{"line":80,"column":8},"end":{"line":80,"column":66}},"12":{"start":{"line":102,"column":8},"end":{"line":102,"column":22}}},"branchMap":{"1":{"line":46,"type":"if","locations":[{"start":{"line":46,"column":8},"end":{"line":46,"column":8}},{"start":{"line":46,"column":8},"end":{"line":46,"column":8}}]},"2":{"line":63,"type":"if","locations":[{"start":{"line":63,"column":8},"end":{"line":63,"column":8}},{"start":{"line":63,"column":8},"end":{"line":63,"column":8}}]},"3":{"line":73,"type":"if","locations":[{"start":{"line":73,"column":8},"end":{"line":73,"column":8}},{"start":{"line":73,"column":8},"end":{"line":73,"column":8}}]}}},"contracts/TrustedSurvey.sol":{"l":{"23":2,"24":2,"25":2,"26":2},"path":"/Users/dhruvin/gbc/bcdv-1014/Dapp-II/notes/dapp-development/demo/survey-marketplace-hardhat/contracts/TrustedSurvey.sol","s":{"1":2,"2":2,"3":2,"4":2},"b":{"1":[2,0]},"f":{"1":2},"fnMap":{"1":{"name":"constructor","line":22,"loc":{"start":{"line":22,"column":4},"end":{"line":27,"column":4}}}},"statementMap":{"1":{"start":{"line":23,"column":8},"end":{"line":23,"column":64}},"2":{"start":{"line":24,"column":8},"end":{"line":24,"column":27}},"3":{"start":{"line":25,"column":8},"end":{"line":25,"column":21}},"4":{"start":{"line":26,"column":8},"end":{"line":26,"column":48}}},"branchMap":{"1":{"line":23,"type":"if","locations":[{"start":{"line":23,"column":8},"end":{"line":23,"column":8}},{"start":{"line":23,"column":8},"end":{"line":23,"column":8}}]}}}}